
--------------------------网站运行日志--------------------------

2019-03-29 03:39:53,499 [1] ERROR PageError [(null)] - 基础连接已经关闭: 发送时发生错误。 e:\高德POI&AOI数据过去\AoiPoiGet\AoiPoiGet\HttpUtil.cs 91 

2019-03-29 03:39:53,782 [1] ERROR PageError [(null)] - 基础连接已经关闭: 发送时发生错误。 e:\高德POI&AOI数据过去\AoiPoiGet\AoiPoiGet\HttpUtil.cs 91 

2019-03-29 03:39:54,045 [1] ERROR PageError [(null)] - 基础连接已经关闭: 发送时发生错误。 e:\高德POI&AOI数据过去\AoiPoiGet\AoiPoiGet\HttpUtil.cs 91 

2019-03-29 03:39:54,310 [1] ERROR PageError [(null)] - 基础连接已经关闭: 发送时发生错误。 e:\高德POI&AOI数据过去\AoiPoiGet\AoiPoiGet\HttpUtil.cs 91 

2019-03-29 03:39:54,566 [1] ERROR PageError [(null)] - 基础连接已经关闭: 发送时发生错误。 e:\高德POI&AOI数据过去\AoiPoiGet\AoiPoiGet\HttpUtil.cs 91 

2019-03-29 03:39:54,818 [1] ERROR PageError [(null)] - 基础连接已经关闭: 发送时发生错误。 e:\高德POI&AOI数据过去\AoiPoiGet\AoiPoiGet\HttpUtil.cs 91 

2019-03-29 03:39:55,064 [1] ERROR PageError [(null)] - 基础连接已经关闭: 发送时发生错误。 e:\高德POI&AOI数据过去\AoiPoiGet\AoiPoiGet\HttpUtil.cs 91 

2019-03-29 03:39:55,315 [1] ERROR PageError [(null)] - 基础连接已经关闭: 发送时发生错误。 e:\高德POI&AOI数据过去\AoiPoiGet\AoiPoiGet\HttpUtil.cs 91 

2019-03-29 03:39:55,549 [1] ERROR PageError [(null)] - 基础连接已经关闭: 发送时发生错误。 e:\高德POI&AOI数据过去\AoiPoiGet\AoiPoiGet\HttpUtil.cs 91 

2019-03-29 03:39:55,811 [1] ERROR PageError [(null)] - 基础连接已经关闭: 发送时发生错误。 e:\高德POI&AOI数据过去\AoiPoiGet\AoiPoiGet\HttpUtil.cs 91 

2019-03-29 03:39:56,050 [1] ERROR PageError [(null)] - 基础连接已经关闭: 发送时发生错误。 e:\高德POI&AOI数据过去\AoiPoiGet\AoiPoiGet\HttpUtil.cs 91 

2019-03-29 03:39:56,289 [1] ERROR PageError [(null)] - 基础连接已经关闭: 发送时发生错误。 e:\高德POI&AOI数据过去\AoiPoiGet\AoiPoiGet\HttpUtil.cs 91 

2019-03-29 03:39:56,529 [1] ERROR PageError [(null)] - 基础连接已经关闭: 发送时发生错误。 e:\高德POI&AOI数据过去\AoiPoiGet\AoiPoiGet\HttpUtil.cs 91 

2019-03-29 03:39:56,796 [1] ERROR PageError [(null)] - 基础连接已经关闭: 发送时发生错误。 e:\高德POI&AOI数据过去\AoiPoiGet\AoiPoiGet\HttpUtil.cs 91 

2019-03-29 03:39:57,032 [1] ERROR PageError [(null)] - 基础连接已经关闭: 发送时发生错误。 e:\高德POI&AOI数据过去\AoiPoiGet\AoiPoiGet\HttpUtil.cs 91 

2019-03-29 03:39:57,328 [1] ERROR PageError [(null)] - 基础连接已经关闭: 发送时发生错误。 e:\高德POI&AOI数据过去\AoiPoiGet\AoiPoiGet\HttpUtil.cs 91 

2019-03-29 03:39:57,582 [1] ERROR PageError [(null)] - 基础连接已经关闭: 发送时发生错误。 e:\高德POI&AOI数据过去\AoiPoiGet\AoiPoiGet\HttpUtil.cs 91 

2019-03-29 03:39:57,858 [1] ERROR PageError [(null)] - 基础连接已经关闭: 发送时发生错误。 e:\高德POI&AOI数据过去\AoiPoiGet\AoiPoiGet\HttpUtil.cs 91 

2019-03-29 03:39:58,108 [1] ERROR PageError [(null)] - 基础连接已经关闭: 发送时发生错误。 e:\高德POI&AOI数据过去\AoiPoiGet\AoiPoiGet\HttpUtil.cs 91 

2019-03-29 03:39:58,349 [1] ERROR PageError [(null)] - 基础连接已经关闭: 发送时发生错误。 e:\高德POI&AOI数据过去\AoiPoiGet\AoiPoiGet\HttpUtil.cs 91 

2019-03-29 03:39:58,625 [1] ERROR PageError [(null)] - 基础连接已经关闭: 发送时发生错误。 e:\高德POI&AOI数据过去\AoiPoiGet\AoiPoiGet\HttpUtil.cs 91 

2019-03-29 03:39:58,863 [1] ERROR PageError [(null)] - 基础连接已经关闭: 发送时发生错误。 e:\高德POI&AOI数据过去\AoiPoiGet\AoiPoiGet\HttpUtil.cs 91 

2019-03-29 03:39:59,098 [1] ERROR PageError [(null)] - 基础连接已经关闭: 发送时发生错误。 e:\高德POI&AOI数据过去\AoiPoiGet\AoiPoiGet\HttpUtil.cs 91 

2019-03-29 03:39:59,365 [1] ERROR PageError [(null)] - 基础连接已经关闭: 发送时发生错误。 e:\高德POI&AOI数据过去\AoiPoiGet\AoiPoiGet\HttpUtil.cs 91 

2019-03-29 03:39:59,642 [1] ERROR PageError [(null)] - 基础连接已经关闭: 发送时发生错误。 e:\高德POI&AOI数据过去\AoiPoiGet\AoiPoiGet\HttpUtil.cs 91 

2019-03-29 03:39:59,901 [1] ERROR PageError [(null)] - 基础连接已经关闭: 发送时发生错误。 e:\高德POI&AOI数据过去\AoiPoiGet\AoiPoiGet\HttpUtil.cs 91 

2019-03-29 05:26:59,736 [1] ERROR PageError [(null)] - 基础连接已经关闭: 发送时发生错误。 e:\高德POI&AOI数据过去\AoiPoiGet\AoiPoiGet\HttpUtil.cs 91 

2019-03-29 05:26:59,925 [1] ERROR PageError [(null)] - 基础连接已经关闭: 发送时发生错误。 e:\高德POI&AOI数据过去\AoiPoiGet\AoiPoiGet\HttpUtil.cs 91 

2019-03-29 05:27:00,148 [1] ERROR PageError [(null)] - 基础连接已经关闭: 发送时发生错误。 e:\高德POI&AOI数据过去\AoiPoiGet\AoiPoiGet\HttpUtil.cs 91 

2019-03-29 05:27:03,338 [1] ERROR PageError [(null)] - 基础连接已经关闭: 发送时发生错误。 e:\高德POI&AOI数据过去\AoiPoiGet\AoiPoiGet\HttpUtil.cs 91 

2019-03-29 05:27:03,595 [1] ERROR PageError [(null)] - 基础连接已经关闭: 发送时发生错误。 e:\高德POI&AOI数据过去\AoiPoiGet\AoiPoiGet\HttpUtil.cs 91 

2019-03-29 05:27:03,825 [1] ERROR PageError [(null)] - 基础连接已经关闭: 发送时发生错误。 e:\高德POI&AOI数据过去\AoiPoiGet\AoiPoiGet\HttpUtil.cs 91 

2019-03-29 05:27:04,076 [1] ERROR PageError [(null)] - 基础连接已经关闭: 发送时发生错误。 e:\高德POI&AOI数据过去\AoiPoiGet\AoiPoiGet\HttpUtil.cs 91 

2019-03-29 05:27:04,272 [1] ERROR PageError [(null)] - 基础连接已经关闭: 发送时发生错误。 e:\高德POI&AOI数据过去\AoiPoiGet\AoiPoiGet\HttpUtil.cs 91 

2019-03-29 05:27:04,501 [1] ERROR PageError [(null)] - 基础连接已经关闭: 发送时发生错误。 e:\高德POI&AOI数据过去\AoiPoiGet\AoiPoiGet\HttpUtil.cs 91 

2019-03-29 05:27:04,727 [1] ERROR PageError [(null)] - 基础连接已经关闭: 发送时发生错误。 e:\高德POI&AOI数据过去\AoiPoiGet\AoiPoiGet\HttpUtil.cs 91 

2019-03-29 05:27:04,966 [1] ERROR PageError [(null)] - 基础连接已经关闭: 发送时发生错误。 e:\高德POI&AOI数据过去\AoiPoiGet\AoiPoiGet\HttpUtil.cs 91 

2019-03-29 05:27:05,219 [1] ERROR PageError [(null)] - 基础连接已经关闭: 发送时发生错误。 e:\高德POI&AOI数据过去\AoiPoiGet\AoiPoiGet\HttpUtil.cs 91 

2019-03-29 05:27:05,414 [1] ERROR PageError [(null)] - 基础连接已经关闭: 发送时发生错误。 e:\高德POI&AOI数据过去\AoiPoiGet\AoiPoiGet\HttpUtil.cs 91 

2019-03-29 05:27:05,630 [1] ERROR PageError [(null)] - 基础连接已经关闭: 发送时发生错误。 e:\高德POI&AOI数据过去\AoiPoiGet\AoiPoiGet\HttpUtil.cs 91 

2019-03-29 05:27:05,820 [1] ERROR PageError [(null)] - 基础连接已经关闭: 发送时发生错误。 e:\高德POI&AOI数据过去\AoiPoiGet\AoiPoiGet\HttpUtil.cs 91 

2019-03-29 05:27:06,022 [1] ERROR PageError [(null)] - 基础连接已经关闭: 发送时发生错误。 e:\高德POI&AOI数据过去\AoiPoiGet\AoiPoiGet\HttpUtil.cs 91 

2019-03-29 05:27:06,233 [1] ERROR PageError [(null)] - 基础连接已经关闭: 发送时发生错误。 e:\高德POI&AOI数据过去\AoiPoiGet\AoiPoiGet\HttpUtil.cs 91 

2019-03-29 05:27:06,429 [1] ERROR PageError [(null)] - 基础连接已经关闭: 发送时发生错误。 e:\高德POI&AOI数据过去\AoiPoiGet\AoiPoiGet\HttpUtil.cs 91 

2019-03-29 05:27:06,619 [1] ERROR PageError [(null)] - 基础连接已经关闭: 发送时发生错误。 e:\高德POI&AOI数据过去\AoiPoiGet\AoiPoiGet\HttpUtil.cs 91 

2019-03-29 05:27:06,839 [1] ERROR PageError [(null)] - 基础连接已经关闭: 发送时发生错误。 e:\高德POI&AOI数据过去\AoiPoiGet\AoiPoiGet\HttpUtil.cs 91 

2019-03-29 05:27:07,019 [1] ERROR PageError [(null)] - 基础连接已经关闭: 发送时发生错误。 e:\高德POI&AOI数据过去\AoiPoiGet\AoiPoiGet\HttpUtil.cs 91 

2019-03-29 05:27:07,214 [1] ERROR PageError [(null)] - 基础连接已经关闭: 发送时发生错误。 e:\高德POI&AOI数据过去\AoiPoiGet\AoiPoiGet\HttpUtil.cs 91 

2019-03-29 05:27:07,429 [1] ERROR PageError [(null)] - 基础连接已经关闭: 发送时发生错误。 e:\高德POI&AOI数据过去\AoiPoiGet\AoiPoiGet\HttpUtil.cs 91 

2019-03-29 05:27:07,633 [1] ERROR PageError [(null)] - 基础连接已经关闭: 发送时发生错误。 e:\高德POI&AOI数据过去\AoiPoiGet\AoiPoiGet\HttpUtil.cs 91 

2019-03-29 05:27:07,819 [1] ERROR PageError [(null)] - 基础连接已经关闭: 发送时发生错误。 e:\高德POI&AOI数据过去\AoiPoiGet\AoiPoiGet\HttpUtil.cs 91 

2019-03-29 05:27:08,026 [1] ERROR PageError [(null)] - 基础连接已经关闭: 发送时发生错误。 e:\高德POI&AOI数据过去\AoiPoiGet\AoiPoiGet\HttpUtil.cs 91 

2019-03-29 05:27:08,239 [1] ERROR PageError [(null)] - 基础连接已经关闭: 发送时发生错误。 e:\高德POI&AOI数据过去\AoiPoiGet\AoiPoiGet\HttpUtil.cs 91 

2019-03-29 05:27:08,461 [1] ERROR PageError [(null)] - 基础连接已经关闭: 发送时发生错误。 e:\高德POI&AOI数据过去\AoiPoiGet\AoiPoiGet\HttpUtil.cs 91 

2019-03-29 05:27:08,687 [1] ERROR PageError [(null)] - 基础连接已经关闭: 发送时发生错误。 e:\高德POI&AOI数据过去\AoiPoiGet\AoiPoiGet\HttpUtil.cs 91 

2019-03-29 05:27:08,918 [1] ERROR PageError [(null)] - 基础连接已经关闭: 发送时发生错误。 e:\高德POI&AOI数据过去\AoiPoiGet\AoiPoiGet\HttpUtil.cs 91 

2019-03-29 05:27:09,172 [1] ERROR PageError [(null)] - 基础连接已经关闭: 发送时发生错误。 e:\高德POI&AOI数据过去\AoiPoiGet\AoiPoiGet\HttpUtil.cs 91 

2019-03-29 05:27:09,368 [1] ERROR PageError [(null)] - 基础连接已经关闭: 发送时发生错误。 e:\高德POI&AOI数据过去\AoiPoiGet\AoiPoiGet\HttpUtil.cs 91 

2019-03-29 05:27:09,572 [1] ERROR PageError [(null)] - 基础连接已经关闭: 发送时发生错误。 e:\高德POI&AOI数据过去\AoiPoiGet\AoiPoiGet\HttpUtil.cs 91 

2019-03-29 05:27:09,773 [1] ERROR PageError [(null)] - 基础连接已经关闭: 发送时发生错误。 e:\高德POI&AOI数据过去\AoiPoiGet\AoiPoiGet\HttpUtil.cs 91 

2019-03-29 05:27:09,974 [1] ERROR PageError [(null)] - 基础连接已经关闭: 发送时发生错误。 e:\高德POI&AOI数据过去\AoiPoiGet\AoiPoiGet\HttpUtil.cs 91 

2019-03-29 05:27:10,183 [1] ERROR PageError [(null)] - 基础连接已经关闭: 发送时发生错误。 e:\高德POI&AOI数据过去\AoiPoiGet\AoiPoiGet\HttpUtil.cs 91 

2019-03-29 05:27:10,399 [1] ERROR PageError [(null)] - 基础连接已经关闭: 发送时发生错误。 e:\高德POI&AOI数据过去\AoiPoiGet\AoiPoiGet\HttpUtil.cs 91 

2019-03-29 05:27:10,591 [1] ERROR PageError [(null)] - 基础连接已经关闭: 发送时发生错误。 e:\高德POI&AOI数据过去\AoiPoiGet\AoiPoiGet\HttpUtil.cs 91 

2019-03-29 05:27:10,793 [1] ERROR PageError [(null)] - 基础连接已经关闭: 发送时发生错误。 e:\高德POI&AOI数据过去\AoiPoiGet\AoiPoiGet\HttpUtil.cs 91 

2019-03-29 05:27:10,978 [1] ERROR PageError [(null)] - 基础连接已经关闭: 发送时发生错误。 e:\高德POI&AOI数据过去\AoiPoiGet\AoiPoiGet\HttpUtil.cs 91 

2019-03-29 05:27:11,162 [1] ERROR PageError [(null)] - 基础连接已经关闭: 发送时发生错误。 e:\高德POI&AOI数据过去\AoiPoiGet\AoiPoiGet\HttpUtil.cs 91 

2019-03-29 05:27:11,351 [1] ERROR PageError [(null)] - 基础连接已经关闭: 发送时发生错误。 e:\高德POI&AOI数据过去\AoiPoiGet\AoiPoiGet\HttpUtil.cs 91 

2019-03-29 05:27:11,537 [1] ERROR PageError [(null)] - 基础连接已经关闭: 发送时发生错误。 e:\高德POI&AOI数据过去\AoiPoiGet\AoiPoiGet\HttpUtil.cs 91 

2019-03-29 05:27:11,730 [1] ERROR PageError [(null)] - 基础连接已经关闭: 发送时发生错误。 e:\高德POI&AOI数据过去\AoiPoiGet\AoiPoiGet\HttpUtil.cs 91 

2019-03-29 05:27:11,957 [1] ERROR PageError [(null)] - 基础连接已经关闭: 发送时发生错误。 e:\高德POI&AOI数据过去\AoiPoiGet\AoiPoiGet\HttpUtil.cs 91 

2019-03-29 05:27:12,176 [1] ERROR PageError [(null)] - 基础连接已经关闭: 发送时发生错误。 e:\高德POI&AOI数据过去\AoiPoiGet\AoiPoiGet\HttpUtil.cs 91 

2019-03-29 05:27:12,386 [1] ERROR PageError [(null)] - 基础连接已经关闭: 发送时发生错误。 e:\高德POI&AOI数据过去\AoiPoiGet\AoiPoiGet\HttpUtil.cs 91 

2019-03-29 05:27:12,602 [1] ERROR PageError [(null)] - 基础连接已经关闭: 发送时发生错误。 e:\高德POI&AOI数据过去\AoiPoiGet\AoiPoiGet\HttpUtil.cs 91 

2019-03-29 05:27:12,793 [1] ERROR PageError [(null)] - 基础连接已经关闭: 发送时发生错误。 e:\高德POI&AOI数据过去\AoiPoiGet\AoiPoiGet\HttpUtil.cs 91 

2019-03-29 05:27:12,974 [1] ERROR PageError [(null)] - 基础连接已经关闭: 发送时发生错误。 e:\高德POI&AOI数据过去\AoiPoiGet\AoiPoiGet\HttpUtil.cs 91 

2019-03-29 05:27:13,235 [1] ERROR PageError [(null)] - 基础连接已经关闭: 发送时发生错误。 e:\高德POI&AOI数据过去\AoiPoiGet\AoiPoiGet\HttpUtil.cs 91 

2019-03-29 05:27:13,469 [1] ERROR PageError [(null)] - 基础连接已经关闭: 发送时发生错误。 e:\高德POI&AOI数据过去\AoiPoiGet\AoiPoiGet\HttpUtil.cs 91 

2019-03-29 05:27:13,716 [1] ERROR PageError [(null)] - 基础连接已经关闭: 发送时发生错误。 e:\高德POI&AOI数据过去\AoiPoiGet\AoiPoiGet\HttpUtil.cs 91 

2019-03-29 05:27:13,919 [1] ERROR PageError [(null)] - 基础连接已经关闭: 发送时发生错误。 e:\高德POI&AOI数据过去\AoiPoiGet\AoiPoiGet\HttpUtil.cs 91 

2019-03-29 05:27:14,120 [1] ERROR PageError [(null)] - 基础连接已经关闭: 发送时发生错误。 e:\高德POI&AOI数据过去\AoiPoiGet\AoiPoiGet\HttpUtil.cs 91 

2019-03-29 05:27:14,323 [1] ERROR PageError [(null)] - 基础连接已经关闭: 发送时发生错误。 e:\高德POI&AOI数据过去\AoiPoiGet\AoiPoiGet\HttpUtil.cs 91 

2019-03-29 05:27:14,561 [1] ERROR PageError [(null)] - 基础连接已经关闭: 发送时发生错误。 e:\高德POI&AOI数据过去\AoiPoiGet\AoiPoiGet\HttpUtil.cs 91 

2019-03-29 05:27:14,759 [1] ERROR PageError [(null)] - 基础连接已经关闭: 发送时发生错误。 e:\高德POI&AOI数据过去\AoiPoiGet\AoiPoiGet\HttpUtil.cs 91 

2019-03-29 05:27:14,976 [1] ERROR PageError [(null)] - 基础连接已经关闭: 发送时发生错误。 e:\高德POI&AOI数据过去\AoiPoiGet\AoiPoiGet\HttpUtil.cs 91 

2019-03-29 05:27:15,174 [1] ERROR PageError [(null)] - 基础连接已经关闭: 发送时发生错误。 e:\高德POI&AOI数据过去\AoiPoiGet\AoiPoiGet\HttpUtil.cs 91 

2019-03-29 05:27:15,391 [1] ERROR PageError [(null)] - 基础连接已经关闭: 发送时发生错误。 e:\高德POI&AOI数据过去\AoiPoiGet\AoiPoiGet\HttpUtil.cs 91 

2019-03-29 05:27:15,627 [1] ERROR PageError [(null)] - 基础连接已经关闭: 发送时发生错误。 e:\高德POI&AOI数据过去\AoiPoiGet\AoiPoiGet\HttpUtil.cs 91 

2019-03-29 05:27:15,837 [1] ERROR PageError [(null)] - 基础连接已经关闭: 发送时发生错误。 e:\高德POI&AOI数据过去\AoiPoiGet\AoiPoiGet\HttpUtil.cs 91 

2019-03-29 05:27:16,062 [1] ERROR PageError [(null)] - 基础连接已经关闭: 发送时发生错误。 e:\高德POI&AOI数据过去\AoiPoiGet\AoiPoiGet\HttpUtil.cs 91 

2019-03-29 05:27:16,282 [1] ERROR PageError [(null)] - 基础连接已经关闭: 发送时发生错误。 e:\高德POI&AOI数据过去\AoiPoiGet\AoiPoiGet\HttpUtil.cs 91 

2019-03-29 05:27:16,481 [1] ERROR PageError [(null)] - 基础连接已经关闭: 发送时发生错误。 e:\高德POI&AOI数据过去\AoiPoiGet\AoiPoiGet\HttpUtil.cs 91 

2019-03-29 05:27:16,681 [1] ERROR PageError [(null)] - 基础连接已经关闭: 发送时发生错误。 e:\高德POI&AOI数据过去\AoiPoiGet\AoiPoiGet\HttpUtil.cs 91 

2019-03-29 05:27:16,939 [1] ERROR PageError [(null)] - 基础连接已经关闭: 发送时发生错误。 e:\高德POI&AOI数据过去\AoiPoiGet\AoiPoiGet\HttpUtil.cs 91 

2019-03-29 05:27:17,136 [1] ERROR PageError [(null)] - 基础连接已经关闭: 发送时发生错误。 e:\高德POI&AOI数据过去\AoiPoiGet\AoiPoiGet\HttpUtil.cs 91 

2019-03-29 05:27:17,360 [1] ERROR PageError [(null)] - 基础连接已经关闭: 发送时发生错误。 e:\高德POI&AOI数据过去\AoiPoiGet\AoiPoiGet\HttpUtil.cs 91 

2019-03-29 05:27:17,597 [1] ERROR PageError [(null)] - 基础连接已经关闭: 发送时发生错误。 e:\高德POI&AOI数据过去\AoiPoiGet\AoiPoiGet\HttpUtil.cs 91 

2019-03-29 05:27:17,803 [1] ERROR PageError [(null)] - 基础连接已经关闭: 发送时发生错误。 e:\高德POI&AOI数据过去\AoiPoiGet\AoiPoiGet\HttpUtil.cs 91 

2019-03-29 05:27:18,021 [1] ERROR PageError [(null)] - 基础连接已经关闭: 发送时发生错误。 e:\高德POI&AOI数据过去\AoiPoiGet\AoiPoiGet\HttpUtil.cs 91 

2019-03-29 05:27:18,212 [1] ERROR PageError [(null)] - 基础连接已经关闭: 发送时发生错误。 e:\高德POI&AOI数据过去\AoiPoiGet\AoiPoiGet\HttpUtil.cs 91 

2019-03-29 05:27:18,407 [1] ERROR PageError [(null)] - 基础连接已经关闭: 发送时发生错误。 e:\高德POI&AOI数据过去\AoiPoiGet\AoiPoiGet\HttpUtil.cs 91 

2019-03-29 05:27:18,645 [1] ERROR PageError [(null)] - 基础连接已经关闭: 发送时发生错误。 e:\高德POI&AOI数据过去\AoiPoiGet\AoiPoiGet\HttpUtil.cs 91 

2019-03-29 05:27:18,876 [1] ERROR PageError [(null)] - 基础连接已经关闭: 发送时发生错误。 e:\高德POI&AOI数据过去\AoiPoiGet\AoiPoiGet\HttpUtil.cs 91 

2019-03-29 05:27:19,088 [1] ERROR PageError [(null)] - 基础连接已经关闭: 发送时发生错误。 e:\高德POI&AOI数据过去\AoiPoiGet\AoiPoiGet\HttpUtil.cs 91 

2019-03-29 05:27:19,307 [1] ERROR PageError [(null)] - 基础连接已经关闭: 发送时发生错误。 e:\高德POI&AOI数据过去\AoiPoiGet\AoiPoiGet\HttpUtil.cs 91 

2019-03-29 05:27:19,510 [1] ERROR PageError [(null)] - 基础连接已经关闭: 发送时发生错误。 e:\高德POI&AOI数据过去\AoiPoiGet\AoiPoiGet\HttpUtil.cs 91 

2019-03-29 05:27:19,717 [1] ERROR PageError [(null)] - 基础连接已经关闭: 发送时发生错误。 e:\高德POI&AOI数据过去\AoiPoiGet\AoiPoiGet\HttpUtil.cs 91 

2019-03-29 05:27:19,942 [1] ERROR PageError [(null)] - 基础连接已经关闭: 发送时发生错误。 e:\高德POI&AOI数据过去\AoiPoiGet\AoiPoiGet\HttpUtil.cs 91 

2019-03-29 05:27:20,149 [1] ERROR PageError [(null)] - 基础连接已经关闭: 发送时发生错误。 e:\高德POI&AOI数据过去\AoiPoiGet\AoiPoiGet\HttpUtil.cs 91 

2019-03-29 05:27:20,353 [1] ERROR PageError [(null)] - 基础连接已经关闭: 发送时发生错误。 e:\高德POI&AOI数据过去\AoiPoiGet\AoiPoiGet\HttpUtil.cs 91 

2019-03-29 05:27:20,538 [1] ERROR PageError [(null)] - 基础连接已经关闭: 发送时发生错误。 e:\高德POI&AOI数据过去\AoiPoiGet\AoiPoiGet\HttpUtil.cs 91 

2019-03-29 05:27:20,740 [1] ERROR PageError [(null)] - 基础连接已经关闭: 发送时发生错误。 e:\高德POI&AOI数据过去\AoiPoiGet\AoiPoiGet\HttpUtil.cs 91 

2019-03-29 05:27:20,948 [1] ERROR PageError [(null)] - 基础连接已经关闭: 发送时发生错误。 e:\高德POI&AOI数据过去\AoiPoiGet\AoiPoiGet\HttpUtil.cs 91 

2019-03-29 05:27:21,188 [1] ERROR PageError [(null)] - 基础连接已经关闭: 发送时发生错误。 e:\高德POI&AOI数据过去\AoiPoiGet\AoiPoiGet\HttpUtil.cs 91 

2019-03-29 05:27:21,381 [1] ERROR PageError [(null)] - 基础连接已经关闭: 发送时发生错误。 e:\高德POI&AOI数据过去\AoiPoiGet\AoiPoiGet\HttpUtil.cs 91 

2019-03-29 05:27:21,571 [1] ERROR PageError [(null)] - 基础连接已经关闭: 发送时发生错误。 e:\高德POI&AOI数据过去\AoiPoiGet\AoiPoiGet\HttpUtil.cs 91 

2019-03-29 05:27:21,794 [1] ERROR PageError [(null)] - 基础连接已经关闭: 发送时发生错误。 e:\高德POI&AOI数据过去\AoiPoiGet\AoiPoiGet\HttpUtil.cs 91 

2019-03-29 05:27:21,975 [1] ERROR PageError [(null)] - 基础连接已经关闭: 发送时发生错误。 e:\高德POI&AOI数据过去\AoiPoiGet\AoiPoiGet\HttpUtil.cs 91 

2019-03-29 05:27:22,170 [1] ERROR PageError [(null)] - 基础连接已经关闭: 发送时发生错误。 e:\高德POI&AOI数据过去\AoiPoiGet\AoiPoiGet\HttpUtil.cs 91 

2019-03-29 05:27:22,430 [1] ERROR PageError [(null)] - 基础连接已经关闭: 发送时发生错误。 e:\高德POI&AOI数据过去\AoiPoiGet\AoiPoiGet\HttpUtil.cs 91 

2019-03-29 05:27:22,637 [1] ERROR PageError [(null)] - 基础连接已经关闭: 发送时发生错误。 e:\高德POI&AOI数据过去\AoiPoiGet\AoiPoiGet\HttpUtil.cs 91 

2019-03-29 05:27:22,851 [1] ERROR PageError [(null)] - 基础连接已经关闭: 发送时发生错误。 e:\高德POI&AOI数据过去\AoiPoiGet\AoiPoiGet\HttpUtil.cs 91 

2019-03-29 05:27:23,054 [1] ERROR PageError [(null)] - 基础连接已经关闭: 发送时发生错误。 e:\高德POI&AOI数据过去\AoiPoiGet\AoiPoiGet\HttpUtil.cs 91 

2019-03-29 05:27:23,260 [1] ERROR PageError [(null)] - 基础连接已经关闭: 发送时发生错误。 e:\高德POI&AOI数据过去\AoiPoiGet\AoiPoiGet\HttpUtil.cs 91 

2019-03-29 05:27:23,465 [1] ERROR PageError [(null)] - 基础连接已经关闭: 发送时发生错误。 e:\高德POI&AOI数据过去\AoiPoiGet\AoiPoiGet\HttpUtil.cs 91 

2019-03-29 05:27:23,666 [1] ERROR PageError [(null)] - 基础连接已经关闭: 发送时发生错误。 e:\高德POI&AOI数据过去\AoiPoiGet\AoiPoiGet\HttpUtil.cs 91 

2019-03-29 05:27:23,866 [1] ERROR PageError [(null)] - 基础连接已经关闭: 发送时发生错误。 e:\高德POI&AOI数据过去\AoiPoiGet\AoiPoiGet\HttpUtil.cs 91 

2019-03-29 05:27:24,057 [1] ERROR PageError [(null)] - 基础连接已经关闭: 发送时发生错误。 e:\高德POI&AOI数据过去\AoiPoiGet\AoiPoiGet\HttpUtil.cs 91 

2019-03-29 05:27:24,294 [1] ERROR PageError [(null)] - 基础连接已经关闭: 发送时发生错误。 e:\高德POI&AOI数据过去\AoiPoiGet\AoiPoiGet\HttpUtil.cs 91 

2019-03-29 05:27:24,513 [1] ERROR PageError [(null)] - 基础连接已经关闭: 发送时发生错误。 e:\高德POI&AOI数据过去\AoiPoiGet\AoiPoiGet\HttpUtil.cs 91 

2019-03-29 05:27:24,728 [1] ERROR PageError [(null)] - 基础连接已经关闭: 发送时发生错误。 e:\高德POI&AOI数据过去\AoiPoiGet\AoiPoiGet\HttpUtil.cs 91 

2019-03-29 05:27:24,985 [1] ERROR PageError [(null)] - 基础连接已经关闭: 发送时发生错误。 e:\高德POI&AOI数据过去\AoiPoiGet\AoiPoiGet\HttpUtil.cs 91 

2019-03-29 05:27:25,229 [1] ERROR PageError [(null)] - 基础连接已经关闭: 发送时发生错误。 e:\高德POI&AOI数据过去\AoiPoiGet\AoiPoiGet\HttpUtil.cs 91 

2019-03-29 05:27:25,448 [1] ERROR PageError [(null)] - 基础连接已经关闭: 发送时发生错误。 e:\高德POI&AOI数据过去\AoiPoiGet\AoiPoiGet\HttpUtil.cs 91 

2019-03-29 05:27:25,653 [1] ERROR PageError [(null)] - 基础连接已经关闭: 发送时发生错误。 e:\高德POI&AOI数据过去\AoiPoiGet\AoiPoiGet\HttpUtil.cs 91 

2019-03-29 05:27:25,838 [1] ERROR PageError [(null)] - 基础连接已经关闭: 发送时发生错误。 e:\高德POI&AOI数据过去\AoiPoiGet\AoiPoiGet\HttpUtil.cs 91 

2019-03-29 05:27:26,026 [1] ERROR PageError [(null)] - 基础连接已经关闭: 发送时发生错误。 e:\高德POI&AOI数据过去\AoiPoiGet\AoiPoiGet\HttpUtil.cs 91 

2019-03-29 05:27:26,215 [1] ERROR PageError [(null)] - 基础连接已经关闭: 发送时发生错误。 e:\高德POI&AOI数据过去\AoiPoiGet\AoiPoiGet\HttpUtil.cs 91 

2019-03-29 05:27:26,468 [1] ERROR PageError [(null)] - 基础连接已经关闭: 发送时发生错误。 e:\高德POI&AOI数据过去\AoiPoiGet\AoiPoiGet\HttpUtil.cs 91 

2019-03-29 05:27:26,678 [1] ERROR PageError [(null)] - 基础连接已经关闭: 发送时发生错误。 e:\高德POI&AOI数据过去\AoiPoiGet\AoiPoiGet\HttpUtil.cs 91 

2019-03-29 05:27:26,875 [1] ERROR PageError [(null)] - 基础连接已经关闭: 发送时发生错误。 e:\高德POI&AOI数据过去\AoiPoiGet\AoiPoiGet\HttpUtil.cs 91 

2019-03-29 05:27:27,097 [1] ERROR PageError [(null)] - 基础连接已经关闭: 发送时发生错误。 e:\高德POI&AOI数据过去\AoiPoiGet\AoiPoiGet\HttpUtil.cs 91 

2019-03-29 05:27:27,312 [1] ERROR PageError [(null)] - 基础连接已经关闭: 发送时发生错误。 e:\高德POI&AOI数据过去\AoiPoiGet\AoiPoiGet\HttpUtil.cs 91 

2019-03-29 05:27:27,511 [1] ERROR PageError [(null)] - 基础连接已经关闭: 发送时发生错误。 e:\高德POI&AOI数据过去\AoiPoiGet\AoiPoiGet\HttpUtil.cs 91 

2019-03-29 05:27:27,731 [1] ERROR PageError [(null)] - 基础连接已经关闭: 发送时发生错误。 e:\高德POI&AOI数据过去\AoiPoiGet\AoiPoiGet\HttpUtil.cs 91 

2019-03-29 05:27:27,927 [1] ERROR PageError [(null)] - 基础连接已经关闭: 发送时发生错误。 e:\高德POI&AOI数据过去\AoiPoiGet\AoiPoiGet\HttpUtil.cs 91 

2019-03-29 05:27:28,118 [1] ERROR PageError [(null)] - 基础连接已经关闭: 发送时发生错误。 e:\高德POI&AOI数据过去\AoiPoiGet\AoiPoiGet\HttpUtil.cs 91 

2019-03-29 05:27:28,338 [1] ERROR PageError [(null)] - 基础连接已经关闭: 发送时发生错误。 e:\高德POI&AOI数据过去\AoiPoiGet\AoiPoiGet\HttpUtil.cs 91 

2019-03-29 05:27:28,575 [1] ERROR PageError [(null)] - 基础连接已经关闭: 发送时发生错误。 e:\高德POI&AOI数据过去\AoiPoiGet\AoiPoiGet\HttpUtil.cs 91 

2019-03-29 05:27:28,794 [1] ERROR PageError [(null)] - 基础连接已经关闭: 发送时发生错误。 e:\高德POI&AOI数据过去\AoiPoiGet\AoiPoiGet\HttpUtil.cs 91 

2019-03-29 05:27:28,992 [1] ERROR PageError [(null)] - 基础连接已经关闭: 发送时发生错误。 e:\高德POI&AOI数据过去\AoiPoiGet\AoiPoiGet\HttpUtil.cs 91 

2019-03-29 05:27:29,199 [1] ERROR PageError [(null)] - 基础连接已经关闭: 发送时发生错误。 e:\高德POI&AOI数据过去\AoiPoiGet\AoiPoiGet\HttpUtil.cs 91 

2019-03-29 05:27:29,388 [1] ERROR PageError [(null)] - 基础连接已经关闭: 发送时发生错误。 e:\高德POI&AOI数据过去\AoiPoiGet\AoiPoiGet\HttpUtil.cs 91 

2019-03-29 05:27:29,644 [1] ERROR PageError [(null)] - 基础连接已经关闭: 发送时发生错误。 e:\高德POI&AOI数据过去\AoiPoiGet\AoiPoiGet\HttpUtil.cs 91 

2019-03-29 05:27:29,837 [1] ERROR PageError [(null)] - 基础连接已经关闭: 发送时发生错误。 e:\高德POI&AOI数据过去\AoiPoiGet\AoiPoiGet\HttpUtil.cs 91 

2019-03-29 05:27:30,066 [1] ERROR PageError [(null)] - 基础连接已经关闭: 发送时发生错误。 e:\高德POI&AOI数据过去\AoiPoiGet\AoiPoiGet\HttpUtil.cs 91 

2019-03-29 05:27:30,294 [1] ERROR PageError [(null)] - 基础连接已经关闭: 发送时发生错误。 e:\高德POI&AOI数据过去\AoiPoiGet\AoiPoiGet\HttpUtil.cs 91 

2019-03-29 05:27:30,478 [1] ERROR PageError [(null)] - 基础连接已经关闭: 发送时发生错误。 e:\高德POI&AOI数据过去\AoiPoiGet\AoiPoiGet\HttpUtil.cs 91 

2019-03-29 05:27:30,665 [1] ERROR PageError [(null)] - 基础连接已经关闭: 发送时发生错误。 e:\高德POI&AOI数据过去\AoiPoiGet\AoiPoiGet\HttpUtil.cs 91 

2019-03-29 05:27:30,855 [1] ERROR PageError [(null)] - 基础连接已经关闭: 发送时发生错误。 e:\高德POI&AOI数据过去\AoiPoiGet\AoiPoiGet\HttpUtil.cs 91 

2019-03-29 05:27:32,089 [1] ERROR PageError [(null)] - 基础连接已经关闭: 发送时发生错误。 e:\高德POI&AOI数据过去\AoiPoiGet\AoiPoiGet\HttpUtil.cs 91 

2019-03-29 05:27:32,290 [1] ERROR PageError [(null)] - 基础连接已经关闭: 发送时发生错误。 e:\高德POI&AOI数据过去\AoiPoiGet\AoiPoiGet\HttpUtil.cs 91 

2019-03-29 05:27:32,494 [1] ERROR PageError [(null)] - 基础连接已经关闭: 发送时发生错误。 e:\高德POI&AOI数据过去\AoiPoiGet\AoiPoiGet\HttpUtil.cs 91 

2019-03-29 05:27:32,696 [1] ERROR PageError [(null)] - 基础连接已经关闭: 发送时发生错误。 e:\高德POI&AOI数据过去\AoiPoiGet\AoiPoiGet\HttpUtil.cs 91 

2019-03-29 05:27:32,916 [1] ERROR PageError [(null)] - 基础连接已经关闭: 发送时发生错误。 e:\高德POI&AOI数据过去\AoiPoiGet\AoiPoiGet\HttpUtil.cs 91 

2019-03-29 05:27:33,122 [1] ERROR PageError [(null)] - 基础连接已经关闭: 发送时发生错误。 e:\高德POI&AOI数据过去\AoiPoiGet\AoiPoiGet\HttpUtil.cs 91 

2019-03-29 05:27:33,327 [1] ERROR PageError [(null)] - 基础连接已经关闭: 发送时发生错误。 e:\高德POI&AOI数据过去\AoiPoiGet\AoiPoiGet\HttpUtil.cs 91 

2019-03-29 05:27:33,506 [1] ERROR PageError [(null)] - 基础连接已经关闭: 发送时发生错误。 e:\高德POI&AOI数据过去\AoiPoiGet\AoiPoiGet\HttpUtil.cs 91 

2019-03-29 05:27:33,702 [1] ERROR PageError [(null)] - 基础连接已经关闭: 发送时发生错误。 e:\高德POI&AOI数据过去\AoiPoiGet\AoiPoiGet\HttpUtil.cs 91 

2019-03-29 05:27:33,900 [1] ERROR PageError [(null)] - 基础连接已经关闭: 发送时发生错误。 e:\高德POI&AOI数据过去\AoiPoiGet\AoiPoiGet\HttpUtil.cs 91 

2019-03-29 05:27:34,210 [1] ERROR PageError [(null)] - 基础连接已经关闭: 发送时发生错误。 e:\高德POI&AOI数据过去\AoiPoiGet\AoiPoiGet\HttpUtil.cs 91 

2019-03-29 05:27:34,398 [1] ERROR PageError [(null)] - 基础连接已经关闭: 发送时发生错误。 e:\高德POI&AOI数据过去\AoiPoiGet\AoiPoiGet\HttpUtil.cs 91 

2019-03-29 05:27:34,624 [1] ERROR PageError [(null)] - 基础连接已经关闭: 发送时发生错误。 e:\高德POI&AOI数据过去\AoiPoiGet\AoiPoiGet\HttpUtil.cs 91 

2019-03-29 05:27:34,878 [1] ERROR PageError [(null)] - 基础连接已经关闭: 发送时发生错误。 e:\高德POI&AOI数据过去\AoiPoiGet\AoiPoiGet\HttpUtil.cs 91 

2019-03-29 05:27:35,095 [1] ERROR PageError [(null)] - 基础连接已经关闭: 发送时发生错误。 e:\高德POI&AOI数据过去\AoiPoiGet\AoiPoiGet\HttpUtil.cs 91 

2019-03-29 07:27:08,674 [1] ERROR PageError [(null)] - 请求政府机构及社会团体-公检法机构-公检法机关-安徽省-宿州市-宿州市-AOI数据：System.FormatException: 索引(从零开始)必须大于或等于零，且小于参数列表的大小。
   在 System.Text.StringBuilder.AppendFormatHelper(IFormatProvider provider, String format, ParamsArray args)
   在 System.String.FormatHelper(IFormatProvider provider, String format, ParamsArray args)
   在 System.String.Format(String format, Object arg0)
   在 AoiPoiGet.AOIAction.SaveAOI(List`1 aois, String fileName) 位置 e:\高德POI&AOI数据过去\AoiPoiGet\AoiPoiGet\AOIAction.cs:行号 132
   在 AoiPoiGet.AOIAction.RequestAOI(List`1 ids, String fileName) 位置 e:\高德POI&AOI数据过去\AoiPoiGet\AoiPoiGet\AOIAction.cs:行号 65
   在 AoiPoiGet.AOIAction.GetAOI(String fileName, Citys city, Scenes scene) 位置 e:\高德POI&AOI数据过去\AoiPoiGet\AoiPoiGet\AOIAction.cs:行号 31 e:\高德POI&AOI数据过去\AoiPoiGet\AoiPoiGet\AOIAction.cs 31 

2019-03-29 07:28:03,975 [1] ERROR PageError [(null)] - 请求政府机构及社会团体-公检法机构-公检法机关-安徽省-宿州市-桥区-AOI数据：System.FormatException: 索引(从零开始)必须大于或等于零，且小于参数列表的大小。
   在 System.Text.StringBuilder.AppendFormatHelper(IFormatProvider provider, String format, ParamsArray args)
   在 System.String.FormatHelper(IFormatProvider provider, String format, ParamsArray args)
   在 System.String.Format(String format, Object arg0)
   在 AoiPoiGet.AOIAction.SaveAOI(List`1 aois, String fileName) 位置 e:\高德POI&AOI数据过去\AoiPoiGet\AoiPoiGet\AOIAction.cs:行号 132
   在 AoiPoiGet.AOIAction.RequestAOI(List`1 ids, String fileName) 位置 e:\高德POI&AOI数据过去\AoiPoiGet\AoiPoiGet\AOIAction.cs:行号 65
   在 AoiPoiGet.AOIAction.GetAOI(String fileName, Citys city, Scenes scene) 位置 e:\高德POI&AOI数据过去\AoiPoiGet\AoiPoiGet\AOIAction.cs:行号 31 e:\高德POI&AOI数据过去\AoiPoiGet\AoiPoiGet\AOIAction.cs 31 

2019-03-29 08:13:01,828 [1] ERROR PageError [(null)] - 请求政府机构及社会团体-公检法机构-公安警察-安徽省-滁州市-南谯区-AOI数据：System.FormatException: 索引(从零开始)必须大于或等于零，且小于参数列表的大小。
   在 System.Text.StringBuilder.AppendFormatHelper(IFormatProvider provider, String format, ParamsArray args)
   在 System.String.FormatHelper(IFormatProvider provider, String format, ParamsArray args)
   在 System.String.Format(String format, Object arg0)
   在 AoiPoiGet.AOIAction.SaveAOI(List`1 aois, String fileName) 位置 e:\高德POI&AOI数据过去\AoiPoiGet\AoiPoiGet\AOIAction.cs:行号 132
   在 AoiPoiGet.AOIAction.RequestAOI(List`1 ids, String fileName) 位置 e:\高德POI&AOI数据过去\AoiPoiGet\AoiPoiGet\AOIAction.cs:行号 65
   在 AoiPoiGet.AOIAction.GetAOI(String fileName, Citys city, Scenes scene) 位置 e:\高德POI&AOI数据过去\AoiPoiGet\AoiPoiGet\AOIAction.cs:行号 31 e:\高德POI&AOI数据过去\AoiPoiGet\AoiPoiGet\AOIAction.cs 31 

2019-03-29 09:24:20,744 [1] ERROR PageError [(null)] - 请求政府机构及社会团体-公检法机构-法院-安徽省-滁州市-明光市-AOI数据：System.FormatException: 索引(从零开始)必须大于或等于零，且小于参数列表的大小。
   在 System.Text.StringBuilder.AppendFormatHelper(IFormatProvider provider, String format, ParamsArray args)
   在 System.String.FormatHelper(IFormatProvider provider, String format, ParamsArray args)
   在 System.String.Format(String format, Object arg0)
   在 AoiPoiGet.AOIAction.SaveAOI(List`1 aois, String fileName) 位置 e:\高德POI&AOI数据过去\AoiPoiGet\AoiPoiGet\AOIAction.cs:行号 132
   在 AoiPoiGet.AOIAction.RequestAOI(List`1 ids, String fileName) 位置 e:\高德POI&AOI数据过去\AoiPoiGet\AoiPoiGet\AOIAction.cs:行号 65
   在 AoiPoiGet.AOIAction.GetAOI(String fileName, Citys city, Scenes scene) 位置 e:\高德POI&AOI数据过去\AoiPoiGet\AoiPoiGet\AOIAction.cs:行号 42 e:\高德POI&AOI数据过去\AoiPoiGet\AoiPoiGet\AOIAction.cs 42 

2019-03-29 11:09:35,137 [1] ERROR PageError [(null)] - 请求政府机构及社会团体-交通车辆管理-交通车辆管理相关-安徽省-阜阳市-颍州区-AOI数据：System.FormatException: 索引(从零开始)必须大于或等于零，且小于参数列表的大小。
   在 System.Text.StringBuilder.AppendFormatHelper(IFormatProvider provider, String format, ParamsArray args)
   在 System.String.FormatHelper(IFormatProvider provider, String format, ParamsArray args)
   在 System.String.Format(String format, Object arg0)
   在 AoiPoiGet.AOIAction.SaveAOI(List`1 aois, String fileName) 位置 e:\高德POI&AOI数据过去\AoiPoiGet\AoiPoiGet\AOIAction.cs:行号 132
   在 AoiPoiGet.AOIAction.RequestAOI(List`1 ids, String fileName) 位置 e:\高德POI&AOI数据过去\AoiPoiGet\AoiPoiGet\AOIAction.cs:行号 65
   在 AoiPoiGet.AOIAction.GetAOI(String fileName, Citys city, Scenes scene) 位置 e:\高德POI&AOI数据过去\AoiPoiGet\AoiPoiGet\AOIAction.cs:行号 31 e:\高德POI&AOI数据过去\AoiPoiGet\AoiPoiGet\AOIAction.cs 31 

2019-03-29 11:24:40,523 [1] ERROR PageError [(null)] - 请求政府机构及社会团体-交通车辆管理-交通车辆管理相关-安徽省-宿州市-桥区-AOI数据：System.FormatException: 索引(从零开始)必须大于或等于零，且小于参数列表的大小。
   在 System.Text.StringBuilder.AppendFormatHelper(IFormatProvider provider, String format, ParamsArray args)
   在 System.String.FormatHelper(IFormatProvider provider, String format, ParamsArray args)
   在 System.String.Format(String format, Object arg0)
   在 AoiPoiGet.AOIAction.SaveAOI(List`1 aois, String fileName) 位置 e:\高德POI&AOI数据过去\AoiPoiGet\AoiPoiGet\AOIAction.cs:行号 132
   在 AoiPoiGet.AOIAction.RequestAOI(List`1 ids, String fileName) 位置 e:\高德POI&AOI数据过去\AoiPoiGet\AoiPoiGet\AOIAction.cs:行号 65
   在 AoiPoiGet.AOIAction.GetAOI(String fileName, Citys city, Scenes scene) 位置 e:\高德POI&AOI数据过去\AoiPoiGet\AoiPoiGet\AOIAction.cs:行号 31 e:\高德POI&AOI数据过去\AoiPoiGet\AoiPoiGet\AOIAction.cs 31 

2019-03-29 11:27:57,084 [1] ERROR PageError [(null)] - 请求政府机构及社会团体-交通车辆管理-交通车辆管理相关-安徽省-宿州市-灵璧县-AOI数据：System.FormatException: 索引(从零开始)必须大于或等于零，且小于参数列表的大小。
   在 System.Text.StringBuilder.AppendFormatHelper(IFormatProvider provider, String format, ParamsArray args)
   在 System.String.FormatHelper(IFormatProvider provider, String format, ParamsArray args)
   在 System.String.Format(String format, Object arg0)
   在 AoiPoiGet.AOIAction.SaveAOI(List`1 aois, String fileName) 位置 e:\高德POI&AOI数据过去\AoiPoiGet\AoiPoiGet\AOIAction.cs:行号 132
   在 AoiPoiGet.AOIAction.RequestAOI(List`1 ids, String fileName) 位置 e:\高德POI&AOI数据过去\AoiPoiGet\AoiPoiGet\AOIAction.cs:行号 65
   在 AoiPoiGet.AOIAction.GetAOI(String fileName, Citys city, Scenes scene) 位置 e:\高德POI&AOI数据过去\AoiPoiGet\AoiPoiGet\AOIAction.cs:行号 31 e:\高德POI&AOI数据过去\AoiPoiGet\AoiPoiGet\AOIAction.cs 31 

2019-03-29 12:11:56,128 [1] ERROR PageError [(null)] - 请求政府机构及社会团体-交通车辆管理-交通管理机构-安徽省-宿州市-宿州市-AOI数据：System.FormatException: 索引(从零开始)必须大于或等于零，且小于参数列表的大小。
   在 System.Text.StringBuilder.AppendFormatHelper(IFormatProvider provider, String format, ParamsArray args)
   在 System.String.FormatHelper(IFormatProvider provider, String format, ParamsArray args)
   在 System.String.Format(String format, Object arg0)
   在 AoiPoiGet.AOIAction.SaveAOI(List`1 aois, String fileName) 位置 e:\高德POI&AOI数据过去\AoiPoiGet\AoiPoiGet\AOIAction.cs:行号 132
   在 AoiPoiGet.AOIAction.RequestAOI(List`1 ids, String fileName) 位置 e:\高德POI&AOI数据过去\AoiPoiGet\AoiPoiGet\AOIAction.cs:行号 65
   在 AoiPoiGet.AOIAction.GetAOI(String fileName, Citys city, Scenes scene) 位置 e:\高德POI&AOI数据过去\AoiPoiGet\AoiPoiGet\AOIAction.cs:行号 31 e:\高德POI&AOI数据过去\AoiPoiGet\AoiPoiGet\AOIAction.cs 31 

2019-03-29 12:12:50,810 [1] ERROR PageError [(null)] - 请求政府机构及社会团体-交通车辆管理-交通管理机构-安徽省-宿州市-桥区-AOI数据：System.FormatException: 索引(从零开始)必须大于或等于零，且小于参数列表的大小。
   在 System.Text.StringBuilder.AppendFormatHelper(IFormatProvider provider, String format, ParamsArray args)
   在 System.String.FormatHelper(IFormatProvider provider, String format, ParamsArray args)
   在 System.String.Format(String format, Object arg0)
   在 AoiPoiGet.AOIAction.SaveAOI(List`1 aois, String fileName) 位置 e:\高德POI&AOI数据过去\AoiPoiGet\AoiPoiGet\AOIAction.cs:行号 132
   在 AoiPoiGet.AOIAction.RequestAOI(List`1 ids, String fileName) 位置 e:\高德POI&AOI数据过去\AoiPoiGet\AoiPoiGet\AOIAction.cs:行号 65
   在 AoiPoiGet.AOIAction.GetAOI(String fileName, Citys city, Scenes scene) 位置 e:\高德POI&AOI数据过去\AoiPoiGet\AoiPoiGet\AOIAction.cs:行号 31 e:\高德POI&AOI数据过去\AoiPoiGet\AoiPoiGet\AOIAction.cs 31 

2019-03-29 12:17:04,285 [1] ERROR PageError [(null)] - 请求政府机构及社会团体-交通车辆管理-交通管理机构-安徽省-宿州市-灵璧县-AOI数据：System.FormatException: 索引(从零开始)必须大于或等于零，且小于参数列表的大小。
   在 System.Text.StringBuilder.AppendFormatHelper(IFormatProvider provider, String format, ParamsArray args)
   在 System.String.FormatHelper(IFormatProvider provider, String format, ParamsArray args)
   在 System.String.Format(String format, Object arg0)
   在 AoiPoiGet.AOIAction.SaveAOI(List`1 aois, String fileName) 位置 e:\高德POI&AOI数据过去\AoiPoiGet\AoiPoiGet\AOIAction.cs:行号 132
   在 AoiPoiGet.AOIAction.RequestAOI(List`1 ids, String fileName) 位置 e:\高德POI&AOI数据过去\AoiPoiGet\AoiPoiGet\AOIAction.cs:行号 65
   在 AoiPoiGet.AOIAction.GetAOI(String fileName, Citys city, Scenes scene) 位置 e:\高德POI&AOI数据过去\AoiPoiGet\AoiPoiGet\AOIAction.cs:行号 31 e:\高德POI&AOI数据过去\AoiPoiGet\AoiPoiGet\AOIAction.cs 31 



--------------------------网站运行日志--------------------------

2019-03-29 16:33:16,685 [1] ERROR PageError [(null)] - 请求政府机构及社会团体-政府及社会团体相关-政府及社会团体相关-安徽省-六安市-六安市-AOI数据：System.FormatException: 索引(从零开始)必须大于或等于零，且小于参数列表的大小。
   在 System.Text.StringBuilder.AppendFormatHelper(IFormatProvider provider, String format, ParamsArray args)
   在 System.String.FormatHelper(IFormatProvider provider, String format, ParamsArray args)
   在 System.String.Format(String format, Object arg0)
   在 AoiPoiGet.AOIAction.SaveAOI(List`1 aois, String fileName) 位置 e:\高德POI&AOI数据过去\AoiPoiGet\AoiPoiGet\AOIAction.cs:行号 132
   在 AoiPoiGet.AOIAction.RequestAOI(List`1 ids, String fileName) 位置 e:\高德POI&AOI数据过去\AoiPoiGet\AoiPoiGet\AOIAction.cs:行号 65
   在 AoiPoiGet.AOIAction.GetAOI(String fileName, Citys city, Scenes scene) 位置 e:\高德POI&AOI数据过去\AoiPoiGet\AoiPoiGet\AOIAction.cs:行号 42 e:\高德POI&AOI数据过去\AoiPoiGet\AoiPoiGet\AOIAction.cs 42 

2019-03-29 16:36:15,067 [1] ERROR PageError [(null)] - 请求政府机构及社会团体-政府及社会团体相关-政府及社会团体相关-安徽省-六安市-裕安区-AOI数据：System.FormatException: 索引(从零开始)必须大于或等于零，且小于参数列表的大小。
   在 System.Text.StringBuilder.AppendFormatHelper(IFormatProvider provider, String format, ParamsArray args)
   在 System.String.FormatHelper(IFormatProvider provider, String format, ParamsArray args)
   在 System.String.Format(String format, Object arg0)
   在 AoiPoiGet.AOIAction.SaveAOI(List`1 aois, String fileName) 位置 e:\高德POI&AOI数据过去\AoiPoiGet\AoiPoiGet\AOIAction.cs:行号 132
   在 AoiPoiGet.AOIAction.RequestAOI(List`1 ids, String fileName) 位置 e:\高德POI&AOI数据过去\AoiPoiGet\AoiPoiGet\AOIAction.cs:行号 65
   在 AoiPoiGet.AOIAction.GetAOI(String fileName, Citys city, Scenes scene) 位置 e:\高德POI&AOI数据过去\AoiPoiGet\AoiPoiGet\AOIAction.cs:行号 42 e:\高德POI&AOI数据过去\AoiPoiGet\AoiPoiGet\AOIAction.cs 42 

2019-03-29 17:51:31,312 [1] ERROR PageError [(null)] - 基础连接已经关闭: 连接被意外关闭。 e:\高德POI&AOI数据过去\AoiPoiGet\AoiPoiGet\HttpUtil.cs 91 

2019-03-29 17:51:32,679 [1] ERROR PageError [(null)] - 基础连接已经关闭: 连接被意外关闭。 e:\高德POI&AOI数据过去\AoiPoiGet\AoiPoiGet\HttpUtil.cs 91 

2019-03-29 17:51:33,359 [1] ERROR PageError [(null)] - 基础连接已经关闭: 连接被意外关闭。 e:\高德POI&AOI数据过去\AoiPoiGet\AoiPoiGet\HttpUtil.cs 91 

2019-03-29 17:51:34,406 [1] ERROR PageError [(null)] - 基础连接已经关闭: 连接被意外关闭。 e:\高德POI&AOI数据过去\AoiPoiGet\AoiPoiGet\HttpUtil.cs 91 

2019-03-29 19:22:16,722 [1] ERROR PageError [(null)] - 请求政府机构及社会团体-政府机关-地市级政府及事业单位-安徽省-淮北市-相山区-AOI数据：System.FormatException: 索引(从零开始)必须大于或等于零，且小于参数列表的大小。
   在 System.Text.StringBuilder.AppendFormatHelper(IFormatProvider provider, String format, ParamsArray args)
   在 System.String.FormatHelper(IFormatProvider provider, String format, ParamsArray args)
   在 System.String.Format(String format, Object arg0)
   在 AoiPoiGet.AOIAction.SaveAOI(List`1 aois, String fileName) 位置 e:\高德POI&AOI数据过去\AoiPoiGet\AoiPoiGet\AOIAction.cs:行号 132
   在 AoiPoiGet.AOIAction.RequestAOI(List`1 ids, String fileName) 位置 e:\高德POI&AOI数据过去\AoiPoiGet\AoiPoiGet\AOIAction.cs:行号 65
   在 AoiPoiGet.AOIAction.GetAOI(String fileName, Citys city, Scenes scene) 位置 e:\高德POI&AOI数据过去\AoiPoiGet\AoiPoiGet\AOIAction.cs:行号 31 e:\高德POI&AOI数据过去\AoiPoiGet\AoiPoiGet\AOIAction.cs 31 

2019-03-29 19:24:20,204 [1] ERROR PageError [(null)] - 请求政府机构及社会团体-政府机关-地市级政府及事业单位-安徽省-滁州市-南谯区-AOI数据：System.FormatException: 索引(从零开始)必须大于或等于零，且小于参数列表的大小。
   在 System.Text.StringBuilder.AppendFormatHelper(IFormatProvider provider, String format, ParamsArray args)
   在 System.String.FormatHelper(IFormatProvider provider, String format, ParamsArray args)
   在 System.String.Format(String format, Object arg0)
   在 AoiPoiGet.AOIAction.SaveAOI(List`1 aois, String fileName) 位置 e:\高德POI&AOI数据过去\AoiPoiGet\AoiPoiGet\AOIAction.cs:行号 132
   在 AoiPoiGet.AOIAction.RequestAOI(List`1 ids, String fileName) 位置 e:\高德POI&AOI数据过去\AoiPoiGet\AoiPoiGet\AOIAction.cs:行号 65
   在 AoiPoiGet.AOIAction.GetAOI(String fileName, Citys city, Scenes scene) 位置 e:\高德POI&AOI数据过去\AoiPoiGet\AoiPoiGet\AOIAction.cs:行号 31 e:\高德POI&AOI数据过去\AoiPoiGet\AoiPoiGet\AOIAction.cs 31 

2019-03-29 19:30:39,885 [1] ERROR PageError [(null)] - 请求政府机构及社会团体-政府机关-地市级政府及事业单位-安徽省-宿州市-宿州市-AOI数据：System.FormatException: 索引(从零开始)必须大于或等于零，且小于参数列表的大小。
   在 System.Text.StringBuilder.AppendFormatHelper(IFormatProvider provider, String format, ParamsArray args)
   在 System.String.FormatHelper(IFormatProvider provider, String format, ParamsArray args)
   在 System.String.Format(String format, Object arg0)
   在 AoiPoiGet.AOIAction.SaveAOI(List`1 aois, String fileName) 位置 e:\高德POI&AOI数据过去\AoiPoiGet\AoiPoiGet\AOIAction.cs:行号 132
   在 AoiPoiGet.AOIAction.RequestAOI(List`1 ids, String fileName) 位置 e:\高德POI&AOI数据过去\AoiPoiGet\AoiPoiGet\AOIAction.cs:行号 65
   在 AoiPoiGet.AOIAction.GetAOI(String fileName, Citys city, Scenes scene) 位置 e:\高德POI&AOI数据过去\AoiPoiGet\AoiPoiGet\AOIAction.cs:行号 31 e:\高德POI&AOI数据过去\AoiPoiGet\AoiPoiGet\AOIAction.cs 31 

2019-03-29 19:32:27,196 [1] ERROR PageError [(null)] - 请求政府机构及社会团体-政府机关-地市级政府及事业单位-安徽省-宿州市-桥区-AOI数据：System.FormatException: 索引(从零开始)必须大于或等于零，且小于参数列表的大小。
   在 System.Text.StringBuilder.AppendFormatHelper(IFormatProvider provider, String format, ParamsArray args)
   在 System.String.FormatHelper(IFormatProvider provider, String format, ParamsArray args)
   在 System.String.Format(String format, Object arg0)
   在 AoiPoiGet.AOIAction.SaveAOI(List`1 aois, String fileName) 位置 e:\高德POI&AOI数据过去\AoiPoiGet\AoiPoiGet\AOIAction.cs:行号 132
   在 AoiPoiGet.AOIAction.RequestAOI(List`1 ids, String fileName) 位置 e:\高德POI&AOI数据过去\AoiPoiGet\AoiPoiGet\AOIAction.cs:行号 65
   在 AoiPoiGet.AOIAction.GetAOI(String fileName, Citys city, Scenes scene) 位置 e:\高德POI&AOI数据过去\AoiPoiGet\AoiPoiGet\AOIAction.cs:行号 31 e:\高德POI&AOI数据过去\AoiPoiGet\AoiPoiGet\AOIAction.cs 31 

2019-03-29 20:34:58,851 [1] ERROR PageError [(null)] - 请求政府机构及社会团体-政府机关-区县级政府及事业单位-安徽省-滁州市-天长市-AOI数据：System.FormatException: 索引(从零开始)必须大于或等于零，且小于参数列表的大小。
   在 System.Text.StringBuilder.AppendFormatHelper(IFormatProvider provider, String format, ParamsArray args)
   在 System.String.FormatHelper(IFormatProvider provider, String format, ParamsArray args)
   在 System.String.Format(String format, Object arg0)
   在 AoiPoiGet.AOIAction.SaveAOI(List`1 aois, String fileName) 位置 e:\高德POI&AOI数据过去\AoiPoiGet\AoiPoiGet\AOIAction.cs:行号 132
   在 AoiPoiGet.AOIAction.RequestAOI(List`1 ids, String fileName) 位置 e:\高德POI&AOI数据过去\AoiPoiGet\AoiPoiGet\AOIAction.cs:行号 65
   在 AoiPoiGet.AOIAction.GetAOI(String fileName, Citys city, Scenes scene) 位置 e:\高德POI&AOI数据过去\AoiPoiGet\AoiPoiGet\AOIAction.cs:行号 31 e:\高德POI&AOI数据过去\AoiPoiGet\AoiPoiGet\AOIAction.cs 31 


